# JRE version: Java(TM) SE Runtime Environment (8.0_101-b13) (build 1.8.0_101-b13)
# Java VM: Java HotSpot(TM) 64-Bit Server VM (25.101-b13 mixed mode windows-amd64 compressed oops)
Heap:
 PSYoungGen      total 398336K, used 72828K [0x0000000790100000, 0x00000007a9880000, 0x00000007c0000000)
  eden space 379392K, 19% used [0x0000000790100000,0x000000079481f208,0x00000007a7380000)
  from space 18944K, 0% used [0x00000007a7380000,0x00000007a7380000,0x00000007a8600000)
  to   space 18944K, 0% used [0x00000007a8600000,0x00000007a8600000,0x00000007a9880000)
 ParOldGen       total 117248K, used 28348K [0x0000000730200000, 0x0000000737480000, 0x0000000790100000)
  object space 117248K, 24% used [0x0000000730200000,0x0000000731daf230,0x0000000737480000)
 Metaspace       used 63419K, capacity 67110K, committed 67160K, reserved 1107968K
  class space    used 8875K, capacity 9556K, committed 9600K, reserved 1048576K
GC Heap History (10 events):
Event: 18.204 GC heap before
{Heap before GC invocations=13 (full 2):
 PSYoungGen      total 309760K, used 184889K [0x0000000790100000, 0x00000007a4d00000, 0x00000007c0000000)
  eden space 293376K, 57% used [0x0000000790100000,0x000000079a58f4d8,0x00000007a1f80000)
  from space 16384K, 99% used [0x00000007a3d00000,0x00000007a4cfef50,0x00000007a4d00000)
  to   space 19456K, 0% used [0x00000007a2700000,0x00000007a2700000,0x00000007a3a00000)
 ParOldGen       total 82944K, used 20089K [0x0000000730200000, 0x0000000735300000, 0x0000000790100000)
  object space 82944K, 24% used [0x0000000730200000,0x000000073159e560,0x0000000735300000)
 Metaspace       used 55755K, capacity 59062K, committed 59096K, reserved 1099776K
  class space    used 7855K, capacity 8427K, committed 8448K, reserved 1048576K
Event: 18.223 GC heap after
Heap after GC invocations=13 (full 2):
 PSYoungGen      total 320512K, used 11027K [0x0000000790100000, 0x00000007a9880000, 0x00000007c0000000)
  eden space 301056K, 0% used [0x0000000790100000,0x0000000790100000,0x00000007a2700000)
  from space 19456K, 56% used [0x00000007a2700000,0x00000007a31c4ec0,0x00000007a3a00000)
  to   space 18944K, 0% used [0x00000007a8600000,0x00000007a8600000,0x00000007a9880000)
 ParOldGen       total 82944K, used 26538K [0x0000000730200000, 0x0000000735300000, 0x0000000790100000)
  object space 82944K, 31% used [0x0000000730200000,0x0000000731beaa58,0x0000000735300000)
 Metaspace       used 55755K, capacity 59062K, committed 59096K, reserved 1099776K
  class space    used 7855K, capacity 8427K, committed 8448K, reserved 1048576K
}
Event: 18.223 GC heap before
{Heap before GC invocations=14 (full 3):
 PSYoungGen      total 320512K, used 11027K [0x0000000790100000, 0x00000007a9880000, 0x00000007c0000000)
  eden space 301056K, 0% used [0x0000000790100000,0x0000000790100000,0x00000007a2700000)
  from space 19456K, 56% used [0x00000007a2700000,0x00000007a31c4ec0,0x00000007a3a00000)
  to   space 18944K, 0% used [0x00000007a8600000,0x00000007a8600000,0x00000007a9880000)
 ParOldGen       total 82944K, used 26538K [0x0000000730200000, 0x0000000735300000, 0x0000000790100000)
  object space 82944K, 31% used [0x0000000730200000,0x0000000731beaa58,0x0000000735300000)
 Metaspace       used 55755K, capacity 59062K, committed 59096K, reserved 1099776K
  class space    used 7855K, capacity 8427K, committed 8448K, reserved 1048576K
Event: 18.441 GC heap after
Heap after GC invocations=14 (full 3):
 PSYoungGen      total 320512K, used 0K [0x0000000790100000, 0x00000007a9880000, 0x00000007c0000000)
  eden space 301056K, 0% used [0x0000000790100000,0x0000000790100000,0x00000007a2700000)
  from space 19456K, 0% used [0x00000007a2700000,0x00000007a2700000,0x00000007a3a00000)
  to   space 18944K, 0% used [0x00000007a8600000,0x00000007a8600000,0x00000007a9880000)
 ParOldGen       total 117248K, used 31096K [0x0000000730200000, 0x0000000737480000, 0x0000000790100000)
  object space 117248K, 26% used [0x0000000730200000,0x000000073205e1c8,0x0000000737480000)
 Metaspace       used 55729K, capacity 59020K, committed 59096K, reserved 1099776K
  class space    used 7852K, capacity 8420K, committed 8448K, reserved 1048576K
}
Event: 897.150 GC heap before
{Heap before GC invocations=15 (full 3):
 PSYoungGen      total 320512K, used 301056K [0x0000000790100000, 0x00000007a9880000, 0x00000007c0000000)
  eden space 301056K, 100% used [0x0000000790100000,0x00000007a2700000,0x00000007a2700000)
  from space 19456K, 0% used [0x00000007a2700000,0x00000007a2700000,0x00000007a3a00000)
  to   space 18944K, 0% used [0x00000007a8600000,0x00000007a8600000,0x00000007a9880000)
 ParOldGen       total 117248K, used 31096K [0x0000000730200000, 0x0000000737480000, 0x0000000790100000)
  object space 117248K, 26% used [0x0000000730200000,0x000000073205e1c8,0x0000000737480000)
 Metaspace       used 63147K, capacity 66776K, committed 67032K, reserved 1107968K
  class space    used 8830K, capacity 9460K, committed 9472K, reserved 1048576K
Event: 897.195 GC heap after
Heap after GC invocations=15 (full 3):
 PSYoungGen      total 398336K, used 11013K [0x0000000790100000, 0x00000007a9880000, 0x00000007c0000000)
  eden space 379392K, 0% used [0x0000000790100000,0x0000000790100000,0x00000007a7380000)
  from space 18944K, 58% used [0x00000007a8600000,0x00000007a90c1580,0x00000007a9880000)
  to   space 18944K, 0% used [0x00000007a7380000,0x00000007a7380000,0x00000007a8600000)
 ParOldGen       total 117248K, used 31104K [0x0000000730200000, 0x0000000737480000, 0x0000000790100000)
  object space 117248K, 26% used [0x0000000730200000,0x00000007320601c8,0x0000000737480000)
 Metaspace       used 63147K, capacity 66776K, committed 67032K, reserved 1107968K
  class space    used 8830K, capacity 9460K, committed 9472K, reserved 1048576K
}
Event: 1773.244 GC heap before
{Heap before GC invocations=16 (full 3):
 PSYoungGen      total 398336K, used 224792K [0x0000000790100000, 0x00000007a9880000, 0x00000007c0000000)
  eden space 379392K, 56% used [0x0000000790100000,0x000000079d1c4ba0,0x00000007a7380000)
  from space 18944K, 58% used [0x00000007a8600000,0x00000007a90c1580,0x00000007a9880000)
  to   space 18944K, 0% used [0x00000007a7380000,0x00000007a7380000,0x00000007a8600000)
 ParOldGen       total 117248K, used 31104K [0x0000000730200000, 0x0000000737480000, 0x0000000790100000)
  object space 117248K, 26% used [0x0000000730200000,0x00000007320601c8,0x0000000737480000)
 Metaspace       used 63259K, capacity 66914K, committed 67160K, reserved 1107968K
  class space    used 8853K, capacity 9514K, committed 9600K, reserved 1048576K
Event: 1773.252 GC heap after
Heap after GC invocations=16 (full 3):
 PSYoungGen      total 398336K, used 4276K [0x0000000790100000, 0x00000007a9880000, 0x00000007c0000000)
  eden space 379392K, 0% used [0x0000000790100000,0x0000000790100000,0x00000007a7380000)
  from space 18944K, 22% used [0x00000007a7380000,0x00000007a77ad350,0x00000007a8600000)
  to   space 18944K, 0% used [0x00000007a8600000,0x00000007a8600000,0x00000007a9880000)
 ParOldGen       total 117248K, used 31112K [0x0000000730200000, 0x0000000737480000, 0x0000000790100000)
  object space 117248K, 26% used [0x0000000730200000,0x00000007320621c8,0x0000000737480000)
 Metaspace       used 63259K, capacity 66914K, committed 67160K, reserved 1107968K
  class space    used 8853K, capacity 9514K, committed 9600K, reserved 1048576K
}
Event: 1773.252 GC heap before
{Heap before GC invocations=17 (full 4):
 PSYoungGen      total 398336K, used 4276K [0x0000000790100000, 0x00000007a9880000, 0x00000007c0000000)
  eden space 379392K, 0% used [0x0000000790100000,0x0000000790100000,0x00000007a7380000)
  from space 18944K, 22% used [0x00000007a7380000,0x00000007a77ad350,0x00000007a8600000)
  to   space 18944K, 0% used [0x00000007a8600000,0x00000007a8600000,0x00000007a9880000)
 ParOldGen       total 117248K, used 31112K [0x0000000730200000, 0x0000000737480000, 0x0000000790100000)
  object space 117248K, 26% used [0x0000000730200000,0x00000007320621c8,0x0000000737480000)
 Metaspace       used 63259K, capacity 66914K, committed 67160K, reserved 1107968K
  class space    used 8853K, capacity 9514K, committed 9600K, reserved 1048576K
Event: 1773.696 GC heap after
Heap after GC invocations=17 (full 4):
 PSYoungGen      total 398336K, used 0K [0x0000000790100000, 0x00000007a9880000, 0x00000007c0000000)
  eden space 379392K, 0% used [0x0000000790100000,0x0000000790100000,0x00000007a7380000)
  from space 18944K, 0% used [0x00000007a7380000,0x00000007a7380000,0x00000007a8600000)
  to   space 18944K, 0% used [0x00000007a8600000,0x00000007a8600000,0x00000007a9880000)
 ParOldGen       total 117248K, used 28348K [0x0000000730200000, 0x0000000737480000, 0x0000000790100000)
  object space 117248K, 24% used [0x0000000730200000,0x0000000731daf230,0x0000000737480000)
 Metaspace       used 63254K, capacity 66896K, committed 67160K, reserved 1107968K
  class space    used 8851K, capacity 9511K, committed 9600K, reserved 1048576K
}

