# JRE version: Java(TM) SE Runtime Environment (8.0_101-b13) (build 1.8.0_101-b13)
# Java VM: Java HotSpot(TM) 64-Bit Server VM (25.101-b13 mixed mode windows-amd64 compressed oops)
Heap:
 PSYoungGen      total 362496K, used 84174K [0x0000000790100000, 0x00000007a8000000, 0x00000007c0000000)
  eden space 343552K, 24% used [0x0000000790100000,0x0000000795333a88,0x00000007a5080000)
  from space 18944K, 0% used [0x00000007a6280000,0x00000007a6280000,0x00000007a7500000)
  to   space 18432K, 0% used [0x00000007a5080000,0x00000007a5080000,0x00000007a6280000)
 ParOldGen       total 123904K, used 33999K [0x0000000730200000, 0x0000000737b00000, 0x0000000790100000)
  object space 123904K, 27% used [0x0000000730200000,0x0000000732333ec8,0x0000000737b00000)
 Metaspace       used 63090K, capacity 66870K, committed 67200K, reserved 1107968K
  class space    used 8816K, capacity 9490K, committed 9600K, reserved 1048576K
GC Heap History (10 events):
Event: 8.744 GC heap before
{Heap before GC invocations=12 (full 2):
 PSYoungGen      total 222720K, used 207360K [0x0000000790100000, 0x00000007a3600000, 0x00000007c0000000)
  eden space 207360K, 100% used [0x0000000790100000,0x000000079cb80000,0x000000079cb80000)
  from space 15360K, 0% used [0x000000079cb80000,0x000000079cb80000,0x000000079da80000)
  to   space 16384K, 0% used [0x00000007a2600000,0x00000007a2600000,0x00000007a3600000)
 ParOldGen       total 87040K, used 17734K [0x0000000730200000, 0x0000000735700000, 0x0000000790100000)
  object space 87040K, 20% used [0x0000000730200000,0x00000007313518c0,0x0000000735700000)
 Metaspace       used 48775K, capacity 50884K, committed 51328K, reserved 1093632K
  class space    used 6797K, capacity 7202K, committed 7296K, reserved 1048576K
Event: 8.760 GC heap after
Heap after GC invocations=12 (full 2):
 PSYoungGen      total 287232K, used 16369K [0x0000000790100000, 0x00000007a3600000, 0x00000007c0000000)
  eden space 270848K, 0% used [0x0000000790100000,0x0000000790100000,0x00000007a0980000)
  from space 16384K, 99% used [0x00000007a2600000,0x00000007a35fc7a0,0x00000007a3600000)
  to   space 19456K, 0% used [0x00000007a1000000,0x00000007a1000000,0x00000007a2300000)
 ParOldGen       total 87040K, used 19578K [0x0000000730200000, 0x0000000735700000, 0x0000000790100000)
  object space 87040K, 22% used [0x0000000730200000,0x000000073151e978,0x0000000735700000)
 Metaspace       used 48775K, capacity 50884K, committed 51328K, reserved 1093632K
  class space    used 6797K, capacity 7202K, committed 7296K, reserved 1048576K
}
Event: 19.612 GC heap before
{Heap before GC invocations=13 (full 2):
 PSYoungGen      total 287232K, used 195223K [0x0000000790100000, 0x00000007a3600000, 0x00000007c0000000)
  eden space 270848K, 66% used [0x0000000790100000,0x000000079afa9750,0x00000007a0980000)
  from space 16384K, 99% used [0x00000007a2600000,0x00000007a35fc7a0,0x00000007a3600000)
  to   space 19456K, 0% used [0x00000007a1000000,0x00000007a1000000,0x00000007a2300000)
 ParOldGen       total 87040K, used 19578K [0x0000000730200000, 0x0000000735700000, 0x0000000790100000)
  object space 87040K, 22% used [0x0000000730200000,0x000000073151e978,0x0000000735700000)
 Metaspace       used 55753K, capacity 59092K, committed 59136K, reserved 1099776K
  class space    used 7865K, capacity 8434K, committed 8448K, reserved 1048576K
Event: 19.629 GC heap after
Heap after GC invocations=13 (full 2):
 PSYoungGen      total 296960K, used 11260K [0x0000000790100000, 0x00000007a7500000, 0x00000007c0000000)
  eden space 277504K, 0% used [0x0000000790100000,0x0000000790100000,0x00000007a1000000)
  from space 19456K, 57% used [0x00000007a1000000,0x00000007a1aff088,0x00000007a2300000)
  to   space 18944K, 0% used [0x00000007a6280000,0x00000007a6280000,0x00000007a7500000)
 ParOldGen       total 87040K, used 25838K [0x0000000730200000, 0x0000000735700000, 0x0000000790100000)
  object space 87040K, 29% used [0x0000000730200000,0x0000000731b3b890,0x0000000735700000)
 Metaspace       used 55753K, capacity 59092K, committed 59136K, reserved 1099776K
  class space    used 7865K, capacity 8434K, committed 8448K, reserved 1048576K
}
Event: 19.629 GC heap before
{Heap before GC invocations=14 (full 3):
 PSYoungGen      total 296960K, used 11260K [0x0000000790100000, 0x00000007a7500000, 0x00000007c0000000)
  eden space 277504K, 0% used [0x0000000790100000,0x0000000790100000,0x00000007a1000000)
  from space 19456K, 57% used [0x00000007a1000000,0x00000007a1aff088,0x00000007a2300000)
  to   space 18944K, 0% used [0x00000007a6280000,0x00000007a6280000,0x00000007a7500000)
 ParOldGen       total 87040K, used 25838K [0x0000000730200000, 0x0000000735700000, 0x0000000790100000)
  object space 87040K, 29% used [0x0000000730200000,0x0000000731b3b890,0x0000000735700000)
 Metaspace       used 55753K, capacity 59092K, committed 59136K, reserved 1099776K
  class space    used 7865K, capacity 8434K, committed 8448K, reserved 1048576K
Event: 19.859 GC heap after
Heap after GC invocations=14 (full 3):
 PSYoungGen      total 296960K, used 0K [0x0000000790100000, 0x00000007a7500000, 0x00000007c0000000)
  eden space 277504K, 0% used [0x0000000790100000,0x0000000790100000,0x00000007a1000000)
  from space 19456K, 0% used [0x00000007a1000000,0x00000007a1000000,0x00000007a2300000)
  to   space 18944K, 0% used [0x00000007a6280000,0x00000007a6280000,0x00000007a7500000)
 ParOldGen       total 123904K, used 31117K [0x0000000730200000, 0x0000000737b00000, 0x0000000790100000)
  object space 123904K, 25% used [0x0000000730200000,0x0000000732063720,0x0000000737b00000)
 Metaspace       used 55727K, capacity 59050K, committed 59136K, reserved 1099776K
  class space    used 7861K, capacity 8427K, committed 8448K, reserved 1048576K
}
Event: 390.178 GC heap before
{Heap before GC invocations=15 (full 3):
 PSYoungGen      total 296960K, used 217056K [0x0000000790100000, 0x00000007a7500000, 0x00000007c0000000)
  eden space 277504K, 78% used [0x0000000790100000,0x000000079d4f8168,0x00000007a1000000)
  from space 19456K, 0% used [0x00000007a1000000,0x00000007a1000000,0x00000007a2300000)
  to   space 18944K, 0% used [0x00000007a6280000,0x00000007a6280000,0x00000007a7500000)
 ParOldGen       total 123904K, used 31117K [0x0000000730200000, 0x0000000737b00000, 0x0000000790100000)
  object space 123904K, 25% used [0x0000000730200000,0x0000000732063720,0x0000000737b00000)
 Metaspace       used 62877K, capacity 66622K, committed 66816K, reserved 1105920K
  class space    used 8792K, capacity 9450K, committed 9472K, reserved 1048576K
Event: 390.189 GC heap after
Heap after GC invocations=15 (full 3):
 PSYoungGen      total 362496K, used 10150K [0x0000000790100000, 0x00000007a8000000, 0x00000007c0000000)
  eden space 343552K, 0% used [0x0000000790100000,0x0000000790100000,0x00000007a5080000)
  from space 18944K, 53% used [0x00000007a6280000,0x00000007a6c69b98,0x00000007a7500000)
  to   space 18432K, 0% used [0x00000007a5080000,0x00000007a5080000,0x00000007a6280000)
 ParOldGen       total 123904K, used 31125K [0x0000000730200000, 0x0000000737b00000, 0x0000000790100000)
  object space 123904K, 25% used [0x0000000730200000,0x0000000732065720,0x0000000737b00000)
 Metaspace       used 62877K, capacity 66622K, committed 66816K, reserved 1105920K
  class space    used 8792K, capacity 9450K, committed 9472K, reserved 1048576K
}
Event: 390.190 GC heap before
{Heap before GC invocations=16 (full 4):
 PSYoungGen      total 362496K, used 10150K [0x0000000790100000, 0x00000007a8000000, 0x00000007c0000000)
  eden space 343552K, 0% used [0x0000000790100000,0x0000000790100000,0x00000007a5080000)
  from space 18944K, 53% used [0x00000007a6280000,0x00000007a6c69b98,0x00000007a7500000)
  to   space 18432K, 0% used [0x00000007a5080000,0x00000007a5080000,0x00000007a6280000)
 ParOldGen       total 123904K, used 31125K [0x0000000730200000, 0x0000000737b00000, 0x0000000790100000)
  object space 123904K, 25% used [0x0000000730200000,0x0000000732065720,0x0000000737b00000)
 Metaspace       used 62877K, capacity 66622K, committed 66816K, reserved 1105920K
  class space    used 8792K, capacity 9450K, committed 9472K, reserved 1048576K
Event: 390.564 GC heap after
Heap after GC invocations=16 (full 4):
 PSYoungGen      total 362496K, used 0K [0x0000000790100000, 0x00000007a8000000, 0x00000007c0000000)
  eden space 343552K, 0% used [0x0000000790100000,0x0000000790100000,0x00000007a5080000)
  from space 18944K, 0% used [0x00000007a6280000,0x00000007a6280000,0x00000007a7500000)
  to   space 18432K, 0% used [0x00000007a5080000,0x00000007a5080000,0x00000007a6280000)
 ParOldGen       total 123904K, used 33999K [0x0000000730200000, 0x0000000737b00000, 0x0000000790100000)
  object space 123904K, 27% used [0x0000000730200000,0x0000000732333ec8,0x0000000737b00000)
 Metaspace       used 62862K, capacity 66574K, committed 66816K, reserved 1105920K
  class space    used 8787K, capacity 9442K, committed 9472K, reserved 1048576K
}

