# JRE version: Java(TM) SE Runtime Environment (8.0_101-b13) (build 1.8.0_101-b13)
# Java VM: Java HotSpot(TM) 64-Bit Server VM (25.101-b13 mixed mode windows-amd64 compressed oops)
Heap:
 PSYoungGen      total 569856K, used 330245K [0x0000000790100000, 0x00000007b4000000, 0x00000007c0000000)
  eden space 550912K, 59% used [0x0000000790100000,0x00000007a43816d8,0x00000007b1b00000)
  from space 18944K, 0% used [0x00000007b2d80000,0x00000007b2d80000,0x00000007b4000000)
  to   space 18944K, 0% used [0x00000007b1b00000,0x00000007b1b00000,0x00000007b2d80000)
 ParOldGen       total 111104K, used 26420K [0x0000000730200000, 0x0000000736e80000, 0x0000000790100000)
  object space 111104K, 23% used [0x0000000730200000,0x0000000731bcd370,0x0000000736e80000)
 Metaspace       used 66419K, capacity 70844K, committed 71168K, reserved 1110016K
  class space    used 9151K, capacity 9887K, committed 9984K, reserved 1048576K
GC Heap History (10 events):
Event: 437.251 GC heap before
{Heap before GC invocations=18 (full 5):
 PSYoungGen      total 439296K, used 4575K [0x0000000790100000, 0x00000007ad400000, 0x00000007c0000000)
  eden space 420352K, 0% used [0x0000000790100000,0x0000000790100000,0x00000007a9b80000)
  from space 18944K, 24% used [0x00000007a9b80000,0x00000007a9ff7fb8,0x00000007aae00000)
  to   space 18944K, 0% used [0x00000007ac180000,0x00000007ac180000,0x00000007ad400000)
 ParOldGen       total 111104K, used 32603K [0x0000000730200000, 0x0000000736e80000, 0x0000000790100000)
  object space 111104K, 29% used [0x0000000730200000,0x00000007321d6d98,0x0000000736e80000)
 Metaspace       used 62036K, capacity 65710K, committed 65920K, reserved 1105920K
  class space    used 8701K, capacity 9336K, committed 9344K, reserved 1048576K
Event: 437.493 GC heap after
Heap after GC invocations=18 (full 5):
 PSYoungGen      total 439296K, used 0K [0x0000000790100000, 0x00000007ad400000, 0x00000007c0000000)
  eden space 420352K, 0% used [0x0000000790100000,0x0000000790100000,0x00000007a9b80000)
  from space 18944K, 0% used [0x00000007a9b80000,0x00000007a9b80000,0x00000007aae00000)
  to   space 18944K, 0% used [0x00000007ac180000,0x00000007ac180000,0x00000007ad400000)
 ParOldGen       total 111104K, used 25879K [0x0000000730200000, 0x0000000736e80000, 0x0000000790100000)
  object space 111104K, 23% used [0x0000000730200000,0x0000000731b45c08,0x0000000736e80000)
 Metaspace       used 62036K, capacity 65710K, committed 65920K, reserved 1105920K
  class space    used 8701K, capacity 9336K, committed 9344K, reserved 1048576K
}
Event: 1030.837 GC heap before
{Heap before GC invocations=19 (full 5):
 PSYoungGen      total 439296K, used 420352K [0x0000000790100000, 0x00000007ad400000, 0x00000007c0000000)
  eden space 420352K, 100% used [0x0000000790100000,0x00000007a9b80000,0x00000007a9b80000)
  from space 18944K, 0% used [0x00000007a9b80000,0x00000007a9b80000,0x00000007aae00000)
  to   space 18944K, 0% used [0x00000007ac180000,0x00000007ac180000,0x00000007ad400000)
 ParOldGen       total 111104K, used 25879K [0x0000000730200000, 0x0000000736e80000, 0x0000000790100000)
  object space 111104K, 23% used [0x0000000730200000,0x0000000731b45c08,0x0000000736e80000)
 Metaspace       used 63678K, capacity 67624K, committed 67712K, reserved 1107968K
  class space    used 8853K, capacity 9541K, committed 9600K, reserved 1048576K
Event: 1030.848 GC heap after
Heap after GC invocations=19 (full 5):
 PSYoungGen      total 459264K, used 11101K [0x0000000790100000, 0x00000007b3980000, 0x00000007c0000000)
  eden space 440320K, 0% used [0x0000000790100000,0x0000000790100000,0x00000007aaf00000)
  from space 18944K, 58% used [0x00000007ac180000,0x00000007acc575a8,0x00000007ad400000)
  to   space 18944K, 0% used [0x00000007aaf00000,0x00000007aaf00000,0x00000007ac180000)
 ParOldGen       total 111104K, used 25887K [0x0000000730200000, 0x0000000736e80000, 0x0000000790100000)
  object space 111104K, 23% used [0x0000000730200000,0x0000000731b47c08,0x0000000736e80000)
 Metaspace       used 63678K, capacity 67624K, committed 67712K, reserved 1107968K
  class space    used 8853K, capacity 9541K, committed 9600K, reserved 1048576K
}
Event: 2476.702 GC heap before
{Heap before GC invocations=20 (full 5):
 PSYoungGen      total 459264K, used 451421K [0x0000000790100000, 0x00000007b3980000, 0x00000007c0000000)
  eden space 440320K, 100% used [0x0000000790100000,0x00000007aaf00000,0x00000007aaf00000)
  from space 18944K, 58% used [0x00000007ac180000,0x00000007acc575a8,0x00000007ad400000)
  to   space 18944K, 0% used [0x00000007aaf00000,0x00000007aaf00000,0x00000007ac180000)
 ParOldGen       total 111104K, used 25887K [0x0000000730200000, 0x0000000736e80000, 0x0000000790100000)
  object space 111104K, 23% used [0x0000000730200000,0x0000000731b47c08,0x0000000736e80000)
 Metaspace       used 65428K, capacity 69578K, committed 69760K, reserved 1110016K
  class space    used 9042K, capacity 9744K, committed 9856K, reserved 1048576K
Event: 2476.719 GC heap after
Heap after GC invocations=20 (full 5):
 PSYoungGen      total 459264K, used 2862K [0x0000000790100000, 0x00000007b4000000, 0x00000007c0000000)
  eden space 440320K, 0% used [0x0000000790100000,0x0000000790100000,0x00000007aaf00000)
  from space 18944K, 15% used [0x00000007aaf00000,0x00000007ab1cbad0,0x00000007ac180000)
  to   space 18944K, 0% used [0x00000007b2d80000,0x00000007b2d80000,0x00000007b4000000)
 ParOldGen       total 111104K, used 34553K [0x0000000730200000, 0x0000000736e80000, 0x0000000790100000)
  object space 111104K, 31% used [0x0000000730200000,0x00000007323be790,0x0000000736e80000)
 Metaspace       used 65428K, capacity 69578K, committed 69760K, reserved 1110016K
  class space    used 9042K, capacity 9744K, committed 9856K, reserved 1048576K
}
Event: 4081.231 GC heap before
{Heap before GC invocations=21 (full 5):
 PSYoungGen      total 459264K, used 383453K [0x0000000790100000, 0x00000007b4000000, 0x00000007c0000000)
  eden space 440320K, 86% used [0x0000000790100000,0x00000007a74abcf0,0x00000007aaf00000)
  from space 18944K, 15% used [0x00000007aaf00000,0x00000007ab1cbad0,0x00000007ac180000)
  to   space 18944K, 0% used [0x00000007b2d80000,0x00000007b2d80000,0x00000007b4000000)
 ParOldGen       total 111104K, used 34553K [0x0000000730200000, 0x0000000736e80000, 0x0000000790100000)
  object space 111104K, 31% used [0x0000000730200000,0x00000007323be790,0x0000000736e80000)
 Metaspace       used 65434K, capacity 69584K, committed 69760K, reserved 1110016K
  class space    used 9044K, capacity 9746K, committed 9856K, reserved 1048576K
Event: 4081.243 GC heap after
Heap after GC invocations=21 (full 5):
 PSYoungGen      total 569856K, used 1632K [0x0000000790100000, 0x00000007b4000000, 0x00000007c0000000)
  eden space 550912K, 0% used [0x0000000790100000,0x0000000790100000,0x00000007b1b00000)
  from space 18944K, 8% used [0x00000007b2d80000,0x00000007b2f183f8,0x00000007b4000000)
  to   space 18944K, 0% used [0x00000007b1b00000,0x00000007b1b00000,0x00000007b2d80000)
 ParOldGen       total 111104K, used 34561K [0x0000000730200000, 0x0000000736e80000, 0x0000000790100000)
  object space 111104K, 31% used [0x0000000730200000,0x00000007323c0790,0x0000000736e80000)
 Metaspace       used 65434K, capacity 69584K, committed 69760K, reserved 1110016K
  class space    used 9044K, capacity 9746K, committed 9856K, reserved 1048576K
}
Event: 4081.243 GC heap before
{Heap before GC invocations=22 (full 6):
 PSYoungGen      total 569856K, used 1632K [0x0000000790100000, 0x00000007b4000000, 0x00000007c0000000)
  eden space 550912K, 0% used [0x0000000790100000,0x0000000790100000,0x00000007b1b00000)
  from space 18944K, 8% used [0x00000007b2d80000,0x00000007b2f183f8,0x00000007b4000000)
  to   space 18944K, 0% used [0x00000007b1b00000,0x00000007b1b00000,0x00000007b2d80000)
 ParOldGen       total 111104K, used 34561K [0x0000000730200000, 0x0000000736e80000, 0x0000000790100000)
  object space 111104K, 31% used [0x0000000730200000,0x00000007323c0790,0x0000000736e80000)
 Metaspace       used 65434K, capacity 69584K, committed 69760K, reserved 1110016K
  class space    used 9044K, capacity 9746K, committed 9856K, reserved 1048576K
Event: 4081.582 GC heap after
Heap after GC invocations=22 (full 6):
 PSYoungGen      total 569856K, used 0K [0x0000000790100000, 0x00000007b4000000, 0x00000007c0000000)
  eden space 550912K, 0% used [0x0000000790100000,0x0000000790100000,0x00000007b1b00000)
  from space 18944K, 0% used [0x00000007b2d80000,0x00000007b2d80000,0x00000007b4000000)
  to   space 18944K, 0% used [0x00000007b1b00000,0x00000007b1b00000,0x00000007b2d80000)
 ParOldGen       total 111104K, used 26420K [0x0000000730200000, 0x0000000736e80000, 0x0000000790100000)
  object space 111104K, 23% used [0x0000000730200000,0x0000000731bcd370,0x0000000736e80000)
 Metaspace       used 65028K, capacity 68928K, committed 69760K, reserved 1110016K
  class space    used 8981K, capacity 9631K, committed 9856K, reserved 1048576K
}

